<?xml version="1.0" encoding="UTF-8"?>
<robot generator="Robot 6.0.2 (Python 3.11.1 on win32)" generated="20230304 17:48:52.960" rpa="false" schemaversion="3">
<suite id="s1" name="Tc" source="F:\try\testcases\tc.robot">
<kw name="Open Browser" library="SeleniumLibrary" type="SETUP">
<arg>${url}</arg>
<arg>${browser}</arg>
<doc>Opens a new browser instance to the optional ``url``.</doc>
<msg timestamp="20230304 17:48:53.253" level="INFO">Opening browser 'Chrome' to base url 'https://practicetestautomation.com/practice-test-login/'.</msg>
<status status="PASS" starttime="20230304 17:48:53.252" endtime="20230304 17:48:58.793"/>
</kw>
<test id="s1-t1" name="Login Test" line="13">
<kw name="Open Login Page">
<kw name="Go To" library="SeleniumLibrary">
<arg>${url}</arg>
<doc>Navigates the current browser window to the provided ``url``.</doc>
<msg timestamp="20230304 17:48:58.799" level="INFO">Opening url 'https://practicetestautomation.com/practice-test-login/'</msg>
<status status="PASS" starttime="20230304 17:48:58.798" endtime="20230304 17:48:59.377"/>
</kw>
<status status="PASS" starttime="20230304 17:48:58.797" endtime="20230304 17:48:59.378"/>
</kw>
<kw name="Enter Valid Credentials">
<kw name="Input Text" library="SeleniumLibrary">
<arg>id=username</arg>
<arg>student</arg>
<doc>Types the given ``text`` into the text field identified by ``locator``.</doc>
<msg timestamp="20230304 17:48:59.380" level="INFO">Typing text 'student' into text field 'id=username'.</msg>
<status status="PASS" starttime="20230304 17:48:59.379" endtime="20230304 17:48:59.520"/>
</kw>
<kw name="Input Password" library="SeleniumLibrary">
<arg>id=password</arg>
<arg>Password123</arg>
<doc>Types the given password into the text field identified by ``locator``.</doc>
<msg timestamp="20230304 17:48:59.521" level="INFO">Typing password into text field 'id=password'.</msg>
<msg timestamp="20230304 17:48:59.583" level="INFO">Temporally setting log level to: NONE</msg>
<msg timestamp="20230304 17:48:59.692" level="INFO">Log level changed from NONE to INFO.</msg>
<status status="PASS" starttime="20230304 17:48:59.520" endtime="20230304 17:48:59.692"/>
</kw>
<kw name="Click Element" library="SeleniumLibrary">
<arg>xpath=//button[@id='submit']</arg>
<doc>Click the element identified by ``locator``.</doc>
<msg timestamp="20230304 17:48:59.693" level="INFO">Clicking element 'xpath=//button[@id='submit']'.</msg>
<status status="PASS" starttime="20230304 17:48:59.693" endtime="20230304 17:49:04.472"/>
</kw>
<status status="PASS" starttime="20230304 17:48:59.378" endtime="20230304 17:49:04.473"/>
</kw>
<kw name="Verify User Dashboard Page">
<kw name="Wait Until Page Contains Element" library="SeleniumLibrary">
<arg>xpath=//h1[normalize-space()='Logged In Successfully']</arg>
<doc>Waits until the element ``locator`` appears on the current page.</doc>
<status status="PASS" starttime="20230304 17:49:04.476" endtime="20230304 17:49:04.500"/>
</kw>
<kw name="Page Should Contain Element" library="SeleniumLibrary">
<arg>xpath=//h1[normalize-space()='Logged In Successfully']</arg>
<doc>Verifies that element ``locator`` is found on the current page.</doc>
<msg timestamp="20230304 17:49:04.511" level="INFO">Current page contains element 'xpath=//h1[normalize-space()='Logged In Successfully']'.</msg>
<status status="PASS" starttime="20230304 17:49:04.500" endtime="20230304 17:49:04.511"/>
</kw>
<status status="PASS" starttime="20230304 17:49:04.474" endtime="20230304 17:49:04.511"/>
</kw>
<kw name="Logout User">
<kw name="Click Link" library="SeleniumLibrary">
<arg>xpath= //a[normalize-space()='Log out']</arg>
<doc>Clicks a link identified by ``locator``.</doc>
<msg timestamp="20230304 17:49:04.512" level="INFO">Clicking link 'xpath= //a[normalize-space()='Log out']'.</msg>
<status status="PASS" starttime="20230304 17:49:04.511" endtime="20230304 17:49:05.070"/>
</kw>
<status status="PASS" starttime="20230304 17:49:04.511" endtime="20230304 17:49:05.071"/>
</kw>
<kw name="Verify Logout Success">
<kw name="Wait Until Page Contains Element" library="SeleniumLibrary">
<arg>xpath=//h2[normalize-space()='Test login']</arg>
<doc>Waits until the element ``locator`` appears on the current page.</doc>
<status status="PASS" starttime="20230304 17:49:05.075" endtime="20230304 17:49:05.097"/>
</kw>
<kw name="Page Should Contain Element" library="SeleniumLibrary">
<arg>xpath=//h2[normalize-space()='Test login']</arg>
<doc>Verifies that element ``locator`` is found on the current page.</doc>
<msg timestamp="20230304 17:49:05.109" level="INFO">Current page contains element 'xpath=//h2[normalize-space()='Test login']'.</msg>
<status status="PASS" starttime="20230304 17:49:05.097" endtime="20230304 17:49:05.109"/>
</kw>
<status status="PASS" starttime="20230304 17:49:05.073" endtime="20230304 17:49:05.110"/>
</kw>
<kw name="Verify User Login Page">
<kw name="Page Should Contain Element" library="SeleniumLibrary">
<arg>xpath=//h2[normalize-space()='Test login']</arg>
<doc>Verifies that element ``locator`` is found on the current page.</doc>
<msg timestamp="20230304 17:49:05.120" level="INFO">Current page contains element 'xpath=//h2[normalize-space()='Test login']'.</msg>
<status status="PASS" starttime="20230304 17:49:05.110" endtime="20230304 17:49:05.120"/>
</kw>
<kw name="Page Should Contain Element" library="SeleniumLibrary">
<arg>xpath=//input[@id='username']</arg>
<doc>Verifies that element ``locator`` is found on the current page.</doc>
<msg timestamp="20230304 17:49:05.133" level="INFO">Current page contains element 'xpath=//input[@id='username']'.</msg>
<status status="PASS" starttime="20230304 17:49:05.120" endtime="20230304 17:49:05.133"/>
</kw>
<status status="PASS" starttime="20230304 17:49:05.110" endtime="20230304 17:49:05.133"/>
</kw>
<doc>This test case verifies the user login functionality.</doc>
<tag>login</tag>
<status status="PASS" starttime="20230304 17:48:58.793" endtime="20230304 17:49:05.133"/>
</test>
<kw name="Close Browser" library="SeleniumLibrary" type="TEARDOWN">
<doc>Closes the current browser.</doc>
<status status="PASS" starttime="20230304 17:49:05.134" endtime="20230304 17:49:07.524"/>
</kw>
<doc>Verify User Login Functionality</doc>
<status status="PASS" starttime="20230304 17:48:52.964" endtime="20230304 17:49:07.524"/>
</suite>
<statistics>
<total>
<stat pass="1" fail="0" skip="0">All Tests</stat>
</total>
<tag>
<stat pass="1" fail="0" skip="0">login</stat>
</tag>
<suite>
<stat pass="1" fail="0" skip="0" id="s1" name="Tc">Tc</stat>
</suite>
</statistics>
<errors>
</errors>
</robot>
